{
  "RSpec": {
    "coverage": {
      "/home/judson/ruby/gems/mattock/lib/mattock/command-line.rb": [
        1,
        1,
        1,
        9,
        9,
        9,
        null,
        1,
        null,
        1,
        7,
        null,
        null,
        1,
        3,
        null,
        null,
        1,
        29,
        null,
        1,
        null,
        1,
        5,
        3,
        null,
        2,
        null,
        null,
        1,
        null,
        2,
        null,
        null,
        1,
        8,
        null,
        6,
        null,
        2,
        null,
        null,
        null,
        null,
        1,
        1,
        3,
        3,
        3,
        null,
        3,
        3,
        0,
        null,
        3,
        3,
        null,
        3,
        null,
        null,
        null,
        1,
        3,
        null,
        null,
        1,
        42,
        42,
        42,
        42,
        42,
        null,
        null,
        1,
        1,
        null,
        1,
        null,
        1,
        24,
        null,
        null,
        1,
        4,
        null,
        null,
        1,
        69,
        null,
        null,
        1,
        null,
        23,
        17,
        null,
        null,
        1,
        69,
        null,
        null,
        1,
        2,
        null,
        null,
        1,
        0,
        null,
        null,
        1,
        0,
        null,
        null,
        1,
        1,
        null,
        null,
        1,
        1,
        null,
        null,
        1,
        0,
        null,
        null,
        1,
        9,
        9,
        null,
        9,
        9,
        9,
        null,
        9,
        null,
        null,
        1,
        9,
        null,
        9,
        9,
        9,
        9,
        9,
        null,
        9,
        null,
        null,
        null,
        null,
        null,
        1,
        18,
        18,
        18,
        18,
        12,
        null,
        null,
        0,
        null,
        0,
        null,
        18,
        null,
        null,
        null,
        null,
        null,
        1,
        9,
        null,
        null,
        null,
        1,
        0,
        0,
        0,
        null,
        null,
        null,
        null,
        1,
        0,
        0,
        0,
        0,
        null,
        0,
        null,
        null,
        1,
        0,
        null,
        null,
        1,
        0,
        0,
        null,
        null,
        1,
        12,
        12,
        12,
        12,
        12,
        null,
        12,
        null,
        null,
        1,
        3,
        null,
        null,
        1,
        3,
        null,
        null,
        null,
        1,
        1,
        4,
        null,
        null,
        1,
        0,
        null,
        null,
        null,
        1,
        1,
        2,
        null,
        null,
        1,
        4,
        null,
        null,
        1,
        2,
        null,
        null,
        1,
        0,
        null,
        null,
        1,
        0,
        null,
        null,
        null,
        1,
        1,
        11,
        11,
        11,
        null,
        null,
        1,
        null,
        1,
        22,
        22,
        22,
        null,
        null,
        null,
        null,
        1,
        11,
        22,
        null,
        null,
        null,
        1,
        2,
        null,
        null,
        null,
        1,
        1,
        null,
        1,
        15,
        null,
        null,
        null,
        1,
        1,
        null,
        1,
        9,
        null,
        null,
        null,
        1,
        1,
        null,
        1,
        39,
        null,
        null,
        null
      ],
      "/home/judson/ruby/gems/mattock/lib/mattock/testing/rake-example-group.rb": [
        1,
        null,
        1,
        1,
        1,
        1,
        1,
        null,
        null,
        1,
        1,
        null,
        null,
        1,
        3,
        3,
        7,
        7,
        7,
        7,
        null,
        null,
        3,
        7,
        null,
        7,
        7,
        56,
        null,
        7,
        21,
        null,
        null,
        null,
        null,
        3,
        7,
        56,
        null,
        null,
        7,
        7,
        null,
        null,
        null,
        3,
        7,
        null,
        7,
        7,
        7,
        null,
        null,
        3,
        7,
        7,
        null,
        null,
        null,
        null,
        1,
        1,
        null,
        1,
        3,
        3,
        null,
        null,
        null,
        1,
        2,
        2,
        null,
        null,
        null,
        null,
        1,
        null,
        null
      ],
      "/home/judson/ruby/gems/mattock/lib/mattock/testing/mock-command-line.rb": [
        1,
        null,
        1,
        1,
        1,
        3,
        3,
        null,
        null,
        3,
        0,
        null,
        null,
        3,
        null,
        null,
        1,
        3,
        3,
        null,
        null,
        1,
        null,
        1,
        null,
        null,
        1,
        1,
        0,
        null,
        null,
        null,
        1,
        1,
        1,
        1,
        3,
        null,
        null,
        null,
        null,
        1,
        2,
        2,
        2,
        1,
        null,
        2,
        null,
        null,
        2,
        2,
        null,
        null,
        null,
        null,
        1,
        0,
        null,
        null,
        null,
        null,
        1,
        3,
        null,
        null,
        null
      ],
      "/home/judson/ruby/gems/mattock/lib/mattock/testing/record-commands.rb": [
        1,
        null,
        1,
        1,
        1,
        1,
        null,
        1,
        9,
        9,
        9,
        null,
        null,
        1,
        1,
        null,
        1,
        2,
        null,
        null,
        1,
        1,
        1,
        1,
        null,
        0,
        null,
        1,
        9,
        null,
        null,
        null,
        null,
        null,
        null,
        1,
        1,
        null
      ],
      "/home/judson/ruby/gems/mattock/lib/mattock/remote-command-task.rb": [
        1,
        1,
        1,
        1,
        1,
        null,
        null,
        null,
        1,
        1,
        1,
        null,
        1,
        1,
        1,
        null,
        null,
        1,
        0,
        null,
        null,
        1,
        2,
        null,
        2,
        2,
        2,
        2,
        2,
        0,
        0,
        null,
        null,
        2,
        null,
        2,
        null,
        null,
        null,
        null,
        null,
        1,
        1,
        null,
        null
      ],
      "/home/judson/ruby/gems/mattock/lib/mattock/command-task.rb": [
        1,
        1,
        null,
        1,
        1,
        1,
        null,
        1,
        2,
        2,
        2,
        null,
        null,
        1,
        2,
        null,
        null,
        2,
        0,
        0,
        null,
        null,
        null,
        2,
        1,
        0,
        null,
        null,
        null,
        null,
        1,
        0,
        0,
        null,
        0,
        null,
        null,
        1,
        0,
        null,
        null,
        1,
        2,
        null,
        null,
        1,
        2,
        2,
        1,
        null,
        1,
        null,
        null,
        null,
        null,
        1,
        1,
        1,
        null,
        null,
        1,
        1,
        null,
        1,
        null,
        1,
        0,
        0,
        null,
        null,
        null,
        1,
        1,
        null,
        null,
        1,
        1,
        null,
        null
      ],
      "/home/judson/ruby/gems/mattock/lib/mattock/task.rb": [
        1,
        1,
        1,
        1,
        1,
        1,
        null,
        1,
        null,
        null,
        null,
        1,
        1,
        1,
        1,
        null,
        1,
        1,
        0,
        null,
        null,
        1,
        3,
        2,
        3,
        0,
        null,
        null,
        2,
        1,
        null,
        null,
        2,
        2,
        2,
        null,
        null,
        2,
        0,
        null,
        null,
        2,
        2,
        2,
        2,
        null,
        2,
        null,
        null,
        null,
        null,
        1,
        4,
        4,
        4,
        null,
        null,
        1,
        1,
        null,
        1,
        null,
        1,
        2,
        null,
        null,
        1,
        null,
        null,
        1,
        0,
        null,
        null,
        null,
        1,
        1,
        0,
        0,
        0,
        0,
        null,
        null,
        null,
        1,
        0,
        0,
        null,
        null,
        null,
        1,
        1,
        1,
        null,
        null,
        1,
        1,
        null,
        null,
        1,
        1,
        null,
        null,
        1,
        1,
        null,
        null,
        null,
        1,
        1,
        null,
        null,
        1,
        1,
        null,
        null
      ],
      "/home/judson/ruby/gems/mattock/lib/mattock/cascading-definition.rb": [
        1,
        null,
        1,
        null,
        null,
        null,
        null,
        null,
        null,
        null,
        null,
        null,
        null,
        null,
        null,
        null,
        null,
        null,
        null,
        null,
        null,
        null,
        1,
        1,
        null,
        1,
        7,
        7,
        null,
        7,
        7,
        null,
        7,
        null,
        7,
        7,
        null,
        null,
        7,
        null,
        null,
        1,
        9,
        9,
        9,
        null,
        null,
        0,
        null,
        null,
        null,
        1,
        25,
        null,
        null,
        null,
        null,
        null,
        1,
        7,
        null,
        null,
        null,
        null,
        null,
        null,
        null,
        null,
        null,
        null,
        1,
        7,
        null,
        null,
        null,
        null,
        null,
        null,
        1,
        9,
        9,
        null,
        null,
        null,
        null,
        null,
        1,
        null,
        null,
        null,
        1,
        1,
        4,
        null,
        null,
        1,
        2,
        2,
        null,
        null,
        1,
        0,
        null,
        null,
        1,
        6,
        null,
        null,
        1,
        4,
        2,
        2,
        2,
        2,
        2,
        null,
        2,
        null,
        null,
        1,
        2,
        null,
        null,
        null
      ],
      "/home/judson/ruby/gems/mattock/lib/mattock/configurable.rb": [
        1,
        null,
        null,
        null,
        null,
        null,
        null,
        null,
        null,
        null,
        null,
        1,
        1,
        null,
        null,
        1,
        1,
        0,
        null,
        null,
        null,
        1,
        1,
        null,
        1,
        null,
        null,
        null,
        null,
        null,
        null,
        1,
        63,
        63,
        63,
        null,
        null,
        1,
        2,
        10,
        null,
        2,
        null,
        null,
        1,
        449,
        0,
        null,
        null,
        null,
        1,
        389,
        389,
        null,
        null,
        1,
        0,
        0,
        null,
        1,
        null,
        1,
        31,
        31,
        31,
        null,
        null,
        1,
        29,
        29,
        29,
        null,
        1,
        null,
        1,
        561,
        null,
        null,
        1,
        168,
        null,
        null,
        1,
        169,
        null,
        null,
        1,
        429,
        null,
        null,
        1,
        345,
        345,
        15,
        null,
        330,
        null,
        null,
        null,
        1,
        129,
        79,
        79,
        null,
        79,
        7,
        null,
        72,
        null,
        null,
        null,
        1,
        88,
        null,
        null,
        1,
        114,
        40,
        6,
        null,
        34,
        null,
        null,
        null,
        1,
        9,
        3,
        3,
        3,
        3,
        null,
        0,
        null,
        null,
        null,
        null,
        1,
        1,
        23,
        null,
        1,
        null,
        1,
        2,
        null,
        null,
        null,
        1,
        1,
        10,
        null,
        null,
        1,
        10,
        10,
        10,
        null,
        null,
        null,
        1,
        1,
        13,
        13,
        null,
        1,
        1,
        null,
        1,
        0,
        null,
        null,
        1,
        13,
        21,
        null,
        null,
        null,
        1,
        0,
        null,
        null,
        1,
        13,
        17,
        17,
        15,
        null,
        null,
        null,
        null,
        1,
        1,
        5,
        null,
        null,
        1,
        2,
        null,
        null,
        null,
        1,
        1,
        16,
        null,
        null,
        1,
        13,
        null,
        null,
        null,
        null,
        null,
        null,
        null,
        null,
        null,
        null,
        null,
        null,
        null,
        null,
        null,
        null,
        null,
        null,
        null,
        null,
        null,
        null,
        null,
        null,
        null,
        1,
        1,
        0,
        0,
        0,
        null,
        null,
        null,
        1,
        596,
        null,
        null,
        1,
        45,
        24,
        11,
        null,
        13,
        null,
        null,
        null,
        1,
        371,
        138,
        1,
        null,
        137,
        null,
        null,
        null,
        null,
        1,
        1,
        1,
        1,
        null,
        null,
        null,
        null,
        null,
        null,
        1,
        10,
        10,
        10,
        9,
        null,
        10,
        null,
        null,
        null,
        null,
        1,
        2,
        3,
        null,
        2,
        null,
        1,
        null,
        null,
        null,
        1,
        12,
        15,
        null,
        12,
        null,
        1,
        null,
        1,
        null,
        null,
        null,
        1,
        63,
        63,
        null,
        24,
        null,
        39,
        null,
        null,
        63,
        63,
        243,
        null,
        null,
        131,
        0,
        0,
        0,
        null,
        63,
        63,
        null,
        null,
        1,
        0,
        0,
        null,
        0,
        null,
        1,
        null,
        1,
        7,
        null,
        null,
        null,
        null,
        1,
        11,
        5,
        null,
        11,
        null,
        1,
        null,
        1,
        210,
        99,
        null,
        210,
        244,
        136,
        136,
        52,
        52,
        null,
        136,
        null,
        null,
        null,
        1,
        94,
        94,
        47,
        null,
        94,
        114,
        15,
        null,
        99,
        99,
        21,
        11,
        null,
        null,
        null,
        null,
        94,
        null,
        null,
        1,
        0,
        0,
        null,
        0,
        0,
        0,
        null,
        0,
        null,
        0,
        null,
        0,
        0,
        null,
        0,
        null,
        null,
        null,
        null,
        null,
        null,
        1,
        4,
        2,
        null,
        2,
        null,
        4,
        7,
        7,
        7,
        null,
        null,
        1,
        null,
        6,
        null,
        7,
        null,
        null,
        null,
        null,
        null,
        null,
        1,
        15,
        null,
        null,
        null,
        1,
        null,
        1,
        1,
        1,
        null,
        1,
        1,
        null,
        1,
        3,
        3,
        2,
        null,
        3,
        3,
        6,
        null,
        3,
        null,
        null,
        1,
        7,
        7,
        7,
        null,
        7,
        7,
        null,
        null,
        null,
        1,
        1,
        1,
        1,
        null,
        null,
        1,
        5,
        5,
        30,
        30,
        30,
        1,
        1,
        null,
        29,
        29,
        null,
        5,
        2,
        null,
        4,
        28,
        28,
        4,
        null,
        null,
        null,
        null,
        1,
        1,
        null,
        null,
        1,
        0,
        0,
        null,
        null,
        1,
        12,
        null,
        null,
        1,
        11,
        null,
        null,
        1,
        2,
        null,
        null,
        1,
        0,
        null,
        null,
        null,
        null,
        1,
        59,
        null,
        null,
        59,
        59,
        null,
        null,
        null,
        null,
        1,
        26,
        26,
        26,
        21,
        null,
        20,
        null,
        null,
        1,
        10,
        null,
        null,
        null,
        1,
        8,
        null,
        null,
        1,
        88,
        null,
        null,
        1,
        0,
        0,
        null,
        0,
        null,
        null,
        1,
        1,
        null,
        null,
        null
      ],
      "/home/judson/ruby/gems/mattock/lib/mattock/bundle-command-task.rb": [
        1,
        null,
        1,
        1,
        1,
        1,
        1,
        null,
        null,
        1,
        null,
        null,
        null,
        null,
        null,
        null,
        null,
        null,
        null,
        null,
        null,
        null,
        null,
        null,
        null,
        null,
        17,
        null,
        null,
        1,
        1,
        null,
        null,
        1,
        1,
        1,
        null,
        null,
        null
      ],
      "/home/judson/ruby/gems/mattock/lib/mattock.rb": [
        1,
        1,
        1,
        1
      ],
      "/home/judson/ruby/gems/mattock/lib/mattock/tasklib.rb": [
        1,
        1,
        null,
        1,
        null,
        null,
        null,
        null,
        null,
        null,
        null,
        null,
        null,
        null,
        null,
        null,
        null,
        null,
        null,
        null,
        null,
        null,
        null,
        null,
        null,
        null,
        null,
        null,
        null,
        null,
        null,
        null,
        null,
        null,
        null,
        null,
        null,
        null,
        null,
        1,
        1,
        null,
        1,
        null,
        null,
        null,
        1,
        1,
        null,
        null,
        1,
        null,
        1,
        5,
        5,
        null,
        null,
        null,
        1,
        10,
        10,
        10,
        null,
        null,
        null,
        null,
        null,
        null,
        null,
        1,
        0,
        0,
        null,
        null,
        null,
        null,
        1,
        0,
        0,
        0,
        null,
        null,
        null,
        null,
        null,
        null,
        null,
        null,
        1,
        10,
        5,
        5,
        0,
        null,
        5,
        5,
        null,
        null,
        null,
        null,
        5,
        5,
        null,
        null,
        null,
        null,
        1,
        5,
        null,
        null,
        1,
        null,
        null,
        null,
        null,
        1,
        5,
        null,
        null,
        null,
        null,
        1,
        null
      ],
      "/home/judson/ruby/gems/mattock/lib/mattock/template-host.rb": [
        1,
        1,
        null,
        1,
        1,
        1,
        1,
        null,
        null,
        1,
        0,
        null,
        1,
        1,
        null,
        null,
        1,
        1,
        null,
        1,
        1,
        null,
        null,
        null,
        1,
        1,
        null,
        null,
        1,
        1,
        null,
        null,
        1,
        0,
        null,
        null,
        1,
        1,
        1,
        0,
        null,
        null,
        1,
        null,
        null,
        null,
        1,
        1,
        null,
        1,
        0,
        0,
        null,
        null,
        0,
        0,
        0,
        0,
        null,
        null,
        null,
        null,
        null
      ],
      "/home/judson/ruby/gems/mattock/lib/mattock/yard_extensions.rb": [
        1,
        1,
        null,
        1,
        1,
        1,
        1,
        null,
        1,
        0,
        0,
        0,
        0,
        0,
        null,
        0,
        null,
        null,
        null,
        1,
        0,
        0,
        0,
        null,
        0,
        null,
        null,
        1,
        0,
        0,
        0,
        null,
        null,
        null,
        1,
        1,
        null,
        1,
        1,
        null,
        1,
        0,
        0,
        0,
        0,
        null,
        0,
        null,
        null,
        null,
        1,
        0,
        null,
        0,
        null,
        0,
        null,
        0,
        null,
        null,
        null,
        1,
        0,
        0,
        0,
        null,
        null,
        0,
        null,
        null,
        1,
        0,
        null,
        null,
        1,
        0,
        0,
        0,
        0,
        0,
        0,
        0,
        null,
        0,
        0,
        null,
        null,
        1,
        0,
        null,
        null,
        0,
        null,
        0,
        0,
        0,
        0,
        null,
        0,
        null,
        0,
        0,
        null,
        null,
        0,
        0,
        0,
        null,
        0,
        0,
        0,
        null,
        0,
        null,
        null,
        0,
        null,
        null,
        0,
        0,
        null,
        null,
        null,
        1,
        1,
        1,
        null,
        1,
        0,
        null,
        0,
        0,
        null,
        0,
        null,
        null,
        null,
        1,
        1,
        1,
        1,
        null,
        1,
        0,
        0,
        0,
        null,
        null,
        1,
        0,
        0,
        0,
        null,
        0,
        null,
        null,
        null,
        1,
        1,
        1,
        1,
        null,
        1,
        0,
        null,
        null,
        1,
        0,
        0,
        0,
        null,
        0,
        null,
        null,
        null,
        1,
        1,
        1,
        1,
        null,
        1,
        0,
        0,
        0,
        null,
        0,
        null,
        null,
        null,
        null
      ],
      "/home/judson/ruby/gems/mattock/lib/mattock/configuration-store.rb": [
        1,
        null,
        1,
        null,
        null,
        null,
        null,
        null,
        null,
        null,
        null,
        null,
        null,
        null,
        null,
        null,
        null,
        null,
        null,
        null,
        null,
        null,
        null,
        null,
        null,
        null,
        null,
        null,
        null,
        null,
        null,
        null,
        null,
        null,
        null,
        null,
        null,
        null,
        null,
        null,
        null,
        null,
        null,
        null,
        1,
        null,
        null,
        null,
        null,
        1,
        2,
        2,
        2,
        2,
        2,
        null,
        2,
        2,
        2,
        null,
        2,
        2,
        2,
        null,
        2,
        2,
        null,
        2,
        null,
        null,
        4,
        null,
        null,
        1,
        null,
        null,
        1,
        0,
        null,
        null,
        null,
        1,
        2,
        2,
        2,
        null,
        null,
        1,
        2,
        null,
        null,
        null
      ]
    },
    "timestamp": 1364605728
  }
}
