{
  "RSpec": {
    "coverage": {
      "/home/judson/ruby/gems/mattock/lib/mattock/command-line.rb": [
        1,
        null,
        1,
        1,
        1,
        1,
        3,
        3,
        3,
        null,
        3,
        3,
        0,
        null,
        3,
        3,
        null,
        3,
        null,
        null,
        null,
        1,
        3,
        null,
        null,
        1,
        null,
        null,
        1,
        48,
        48,
        48,
        48,
        48,
        48,
        null,
        null,
        1,
        1,
        null,
        1,
        null,
        1,
        0,
        0,
        null,
        null,
        1,
        24,
        null,
        null,
        1,
        4,
        null,
        null,
        1,
        58,
        null,
        null,
        1,
        null,
        10,
        17,
        null,
        null,
        1,
        58,
        null,
        null,
        1,
        4,
        null,
        null,
        1,
        0,
        null,
        null,
        1,
        0,
        null,
        null,
        1,
        2,
        null,
        null,
        1,
        2,
        null,
        null,
        1,
        0,
        null,
        null,
        1,
        0,
        0,
        0,
        null,
        null,
        1,
        9,
        9,
        null,
        9,
        9,
        9,
        null,
        9,
        null,
        null,
        1,
        9,
        9,
        9,
        9,
        null,
        null,
        null,
        null,
        null,
        1,
        9,
        null,
        null,
        null,
        1,
        0,
        0,
        0,
        null,
        null,
        null,
        null,
        1,
        0,
        0,
        0,
        0,
        null,
        0,
        null,
        null,
        1,
        0,
        null,
        null,
        1,
        0,
        0,
        null,
        null,
        1,
        24,
        null,
        null,
        1,
        12,
        12,
        12,
        12,
        12,
        null,
        12,
        null,
        null,
        1,
        3,
        null,
        null,
        1,
        3,
        null,
        null,
        null,
        1,
        1,
        4,
        null,
        null,
        1,
        0,
        null,
        null,
        null,
        1,
        1,
        2,
        null,
        null,
        1,
        4,
        null,
        null,
        1,
        2,
        null,
        null,
        1,
        0,
        null,
        null,
        1,
        0,
        null,
        null,
        null,
        1,
        1,
        13,
        13,
        13,
        null,
        null,
        1,
        null,
        1,
        26,
        26,
        26,
        null,
        null,
        null,
        null,
        1,
        11,
        22,
        null,
        null,
        null,
        1,
        2,
        null,
        null,
        null,
        1,
        1,
        null,
        1,
        15,
        null,
        null,
        null,
        1,
        1,
        null,
        1,
        9,
        null,
        null,
        null,
        1,
        1,
        null,
        1,
        33,
        null,
        null,
        null
      ],
      "/home/judson/ruby/gems/mattock/lib/mattock/command-line/command-run-result.rb": [
        1,
        1,
        1,
        1,
        9,
        9,
        null,
        null,
        9,
        9,
        9,
        null,
        1,
        1,
        null,
        1,
        7,
        null,
        null,
        1,
        3,
        null,
        null,
        1,
        29,
        null,
        1,
        null,
        1,
        5,
        3,
        null,
        2,
        null,
        null,
        1,
        null,
        2,
        null,
        null,
        1,
        8,
        null,
        6,
        null,
        2,
        null,
        null,
        null,
        1,
        9,
        9,
        9,
        null,
        9,
        9,
        18,
        18,
        null,
        9,
        null,
        9,
        null,
        9,
        14,
        null,
        14,
        4,
        4,
        null,
        null,
        10,
        null,
        10,
        10,
        10,
        0,
        0,
        0,
        0,
        null,
        null,
        null,
        10,
        10,
        null,
        0,
        null,
        null,
        10,
        10,
        10,
        0,
        null,
        null,
        10,
        null,
        null,
        null,
        9,
        5,
        null,
        null,
        9,
        18,
        null,
        27,
        null,
        null,
        1,
        14,
        14,
        19,
        19,
        12,
        0,
        null,
        12,
        null,
        12,
        null,
        null,
        null,
        17,
        null,
        null,
        null,
        null,
        null,
        null,
        null
      ],
      "/home/judson/ruby/gems/mattock/lib/mattock/testing/rake-example-group.rb": [
        1,
        null,
        1,
        1,
        1,
        1,
        1,
        null,
        null,
        1,
        1,
        null,
        null,
        1,
        4,
        4,
        10,
        null,
        10,
        10,
        10,
        null,
        null,
        4,
        10,
        10,
        10,
        10,
        null,
        null,
        4,
        10,
        null,
        10,
        10,
        80,
        null,
        10,
        30,
        null,
        null,
        null,
        null,
        4,
        10,
        80,
        null,
        null,
        10,
        10,
        null,
        null,
        null,
        4,
        10,
        10,
        null,
        null,
        null,
        null,
        1,
        1,
        null,
        1,
        4,
        4,
        null,
        null,
        null,
        1,
        2,
        2,
        null,
        null,
        null,
        null,
        1,
        null,
        null
      ],
      "/home/judson/ruby/gems/mattock/lib/mattock/testing/mock-command-line.rb": [
        1,
        null,
        1,
        1,
        1,
        3,
        3,
        null,
        null,
        3,
        0,
        null,
        null,
        3,
        null,
        null,
        1,
        3,
        3,
        null,
        null,
        1,
        null,
        1,
        null,
        null,
        1,
        1,
        0,
        null,
        null,
        null,
        1,
        1,
        1,
        1,
        3,
        null,
        null,
        null,
        null,
        1,
        2,
        3,
        3,
        1,
        null,
        3,
        null,
        null,
        2,
        3,
        null,
        null,
        null,
        null,
        1,
        0,
        null,
        null,
        null,
        null,
        1,
        3,
        null,
        null,
        null
      ],
      "/home/judson/ruby/gems/mattock/lib/mattock/testing/record-commands.rb": [
        1,
        null,
        1,
        1,
        1,
        1,
        null,
        1,
        9,
        9,
        9,
        null,
        null,
        1,
        1,
        null,
        1,
        2,
        null,
        null,
        1,
        1,
        1,
        1,
        null,
        0,
        null,
        1,
        9,
        null,
        null,
        null,
        null,
        null,
        null,
        1,
        1,
        null
      ],
      "/home/judson/ruby/gems/mattock/lib/mattock/remote-command-task.rb": [
        1,
        1,
        1,
        1,
        1,
        1,
        1,
        1,
        null,
        null,
        1,
        1,
        1,
        null,
        1,
        0,
        null,
        null,
        1,
        2,
        null,
        2,
        2,
        2,
        2,
        2,
        2,
        2,
        2,
        2,
        2,
        0,
        0,
        null,
        null,
        null,
        2,
        null,
        null,
        null,
        null,
        null,
        1,
        1,
        null,
        null
      ],
      "/home/judson/ruby/gems/mattock/lib/mattock/command-task.rb": [
        1,
        1,
        null,
        1,
        1,
        1,
        null,
        1,
        2,
        2,
        2,
        null,
        null,
        1,
        2,
        null,
        null,
        2,
        0,
        0,
        null,
        null,
        null,
        2,
        1,
        0,
        null,
        null,
        null,
        null,
        1,
        0,
        0,
        null,
        0,
        null,
        null,
        1,
        0,
        null,
        null,
        1,
        2,
        null,
        null,
        1,
        1,
        null,
        null,
        1,
        2,
        2,
        1,
        null,
        1,
        null,
        null,
        null,
        null,
        1,
        1,
        1,
        null,
        null,
        1,
        1,
        null,
        1,
        null,
        1,
        0,
        0,
        null,
        null,
        null,
        1,
        1,
        null,
        null,
        1,
        1,
        null,
        null
      ],
      "/home/judson/ruby/gems/mattock/lib/mattock/task.rb": [
        1,
        1,
        1,
        1,
        1,
        1,
        null,
        1,
        null,
        null,
        null,
        1,
        1,
        1,
        1,
        1,
        null,
        1,
        1,
        0,
        null,
        null,
        1,
        10,
        5,
        8,
        0,
        null,
        null,
        5,
        2,
        null,
        null,
        5,
        3,
        3,
        null,
        null,
        null,
        null,
        null,
        5,
        0,
        null,
        null,
        5,
        5,
        5,
        5,
        null,
        5,
        null,
        5,
        null,
        null,
        null,
        1,
        4,
        4,
        4,
        4,
        4,
        4,
        null,
        null,
        1,
        null,
        1,
        5,
        null,
        null,
        1,
        null,
        null,
        1,
        1,
        null,
        null,
        null,
        1,
        1,
        0,
        0,
        0,
        0,
        null,
        null,
        null,
        1,
        0,
        0,
        null,
        null,
        null,
        1,
        1,
        1,
        null,
        null,
        1,
        1,
        null,
        null,
        1,
        1,
        null,
        null,
        1,
        1,
        null,
        null,
        null,
        1,
        1,
        null,
        null,
        1,
        1,
        null,
        null
      ],
      "/home/judson/ruby/gems/mattock/lib/mattock/cascading-definition.rb": [
        1,
        null,
        1,
        null,
        null,
        null,
        null,
        null,
        null,
        null,
        null,
        null,
        null,
        null,
        null,
        null,
        null,
        null,
        null,
        null,
        null,
        null,
        1,
        1,
        null,
        1,
        10,
        10,
        null,
        10,
        10,
        null,
        10,
        null,
        10,
        10,
        null,
        null,
        10,
        null,
        null,
        1,
        13,
        13,
        13,
        null,
        null,
        0,
        null,
        null,
        null,
        1,
        36,
        null,
        null,
        null,
        null,
        null,
        1,
        10,
        null,
        null,
        null,
        null,
        null,
        null,
        null,
        null,
        null,
        null,
        1,
        10,
        null,
        null,
        null,
        null,
        null,
        null,
        1,
        13,
        13,
        null,
        null,
        null,
        null,
        null,
        1,
        null,
        null,
        null,
        1,
        1,
        4,
        null,
        null,
        1,
        5,
        5,
        null,
        null,
        1,
        0,
        null,
        null,
        1,
        30,
        null,
        null,
        1,
        5,
        3,
        3,
        3,
        3,
        3,
        null,
        3,
        null,
        null,
        1,
        3,
        null,
        null,
        null
      ],
      "/home/judson/ruby/gems/mattock/lib/mattock/configurable.rb": [
        1,
        null,
        null,
        null,
        null,
        null,
        null,
        null,
        null,
        null,
        null,
        1,
        1,
        null,
        null,
        1,
        1,
        0,
        null,
        null,
        null,
        null,
        null,
        1,
        1,
        1,
        1,
        1,
        1
      ],
      "/home/judson/ruby/gems/mattock/lib/mattock/configurable/field-metadata.rb": [
        1,
        1,
        1,
        1,
        null,
        1,
        null,
        null,
        null,
        null,
        null,
        null,
        1,
        81,
        81,
        81,
        null,
        null,
        1,
        2,
        10,
        null,
        2,
        null,
        null,
        1,
        11,
        55,
        null,
        11,
        null,
        null,
        1,
        1046,
        0,
        null,
        null,
        null,
        1,
        978,
        978,
        null,
        null,
        1,
        0,
        0,
        null,
        1,
        null,
        1,
        34,
        34,
        34,
        null,
        null,
        1,
        34,
        34,
        34,
        null,
        1,
        null,
        1,
        2486,
        null,
        null,
        1,
        781,
        null,
        null,
        1,
        1309,
        null,
        null,
        1,
        136,
        136,
        null,
        null,
        1,
        292,
        15,
        15,
        15,
        null,
        277,
        null,
        null,
        null,
        1,
        413,
        null,
        61,
        null,
        352,
        0,
        352,
        352,
        0,
        0,
        null,
        0,
        null,
        null,
        null,
        null,
        1,
        1971,
        null,
        null,
        null,
        1,
        1802,
        1802,
        23,
        null,
        1779,
        null,
        null,
        null,
        1,
        1011,
        496,
        3,
        3,
        3,
        null,
        0,
        null,
        null,
        null,
        1,
        925,
        null,
        null,
        1,
        227,
        105,
        22,
        null,
        83,
        null,
        null,
        null,
        1,
        25,
        19,
        19,
        19,
        3,
        null,
        16,
        null,
        null,
        null,
        null,
        null
      ],
      "/home/judson/ruby/gems/mattock/lib/mattock/configurable/proxy-value.rb": [
        1,
        1,
        1,
        1,
        24,
        null,
        1,
        null,
        1,
        2,
        null,
        null,
        null,
        1,
        1,
        10,
        null,
        null,
        1,
        10,
        0,
        null,
        10,
        0,
        null,
        10,
        null,
        null,
        null,
        null
      ],
      "/home/judson/ruby/gems/mattock/lib/mattock/configurable/field-processor.rb": [
        1,
        1,
        1,
        1,
        172,
        172,
        null,
        1,
        1,
        null,
        1,
        172,
        345,
        null,
        null,
        null,
        1,
        339,
        null,
        null,
        1,
        172,
        339,
        339,
        150,
        null,
        null,
        null,
        null,
        1,
        1,
        328,
        null,
        null,
        1,
        324,
        null,
        null,
        1,
        136,
        null,
        null,
        null,
        1,
        1,
        17,
        null,
        null,
        1,
        14,
        null,
        null,
        null,
        null
      ],
      "/home/judson/ruby/gems/mattock/lib/mattock/configurable/class-methods.rb": [
        1,
        1,
        1,
        null,
        null,
        null,
        null,
        null,
        null,
        null,
        null,
        null,
        null,
        null,
        null,
        null,
        null,
        null,
        null,
        null,
        null,
        null,
        null,
        null,
        null,
        null,
        1,
        1,
        1,
        11,
        11,
        null,
        null,
        null,
        1,
        1622,
        null,
        null,
        1,
        545,
        188,
        15,
        null,
        173,
        null,
        null,
        null,
        1,
        2649,
        1005,
        17,
        null,
        988,
        null,
        null,
        null,
        null,
        1,
        2,
        2,
        2,
        null,
        null,
        null,
        null,
        null,
        null,
        1,
        4,
        4,
        4,
        4,
        null,
        4,
        null,
        null,
        null,
        null,
        1,
        2,
        3,
        null,
        2,
        null,
        1,
        null,
        null,
        null,
        1,
        6,
        10,
        null,
        6,
        null,
        1,
        null,
        null,
        null,
        1,
        81,
        81,
        null,
        29,
        null,
        52,
        null,
        null,
        81,
        81,
        1519,
        null,
        null,
        239,
        0,
        0,
        null,
        81,
        81,
        null,
        null,
        1,
        0,
        0,
        null,
        0,
        null,
        1,
        null,
        1,
        5,
        null,
        null,
        null,
        null,
        1,
        5,
        3,
        null,
        5,
        null,
        1,
        null,
        1,
        155,
        67,
        null,
        155,
        379,
        292,
        292,
        null,
        null,
        null,
        1,
        108,
        108,
        42,
        null,
        108,
        227,
        19,
        null,
        208,
        208,
        36,
        15,
        null,
        null,
        null,
        null,
        108,
        null,
        null,
        1,
        4,
        2,
        null,
        2,
        null,
        4,
        9,
        9,
        9,
        null,
        null,
        1,
        null,
        8,
        null,
        9,
        null,
        null,
        null,
        null,
        null,
        null,
        1,
        16,
        null,
        null,
        null,
        1,
        null,
        null
      ],
      "/home/judson/ruby/gems/mattock/lib/mattock/configurable/instance-methods.rb": [
        1,
        null,
        1,
        1,
        1,
        158,
        null,
        null,
        1,
        160,
        null,
        null,
        1,
        160,
        160,
        null,
        null,
        1,
        12,
        null,
        null,
        1,
        11,
        null,
        null,
        1,
        2,
        null,
        null,
        1,
        0,
        null,
        null,
        null,
        null,
        1,
        73,
        null,
        null,
        73,
        73,
        null,
        null,
        null,
        null,
        1,
        30,
        30,
        30,
        25,
        null,
        24,
        null,
        null,
        1,
        10,
        null,
        null,
        null,
        1,
        0,
        0,
        null,
        null,
        1,
        281,
        null,
        null,
        null,
        1,
        0,
        0,
        null,
        0,
        null,
        1,
        null,
        1,
        1,
        1,
        null,
        null,
        null
      ],
      "/home/judson/ruby/gems/mattock/lib/mattock/configurable/directory-structure.rb": [
        1,
        null,
        1,
        1,
        1,
        null,
        null,
        null,
        null,
        null,
        null,
        null,
        null,
        1,
        1,
        1,
        null,
        1,
        1,
        null,
        1,
        1,
        null,
        null,
        null,
        1,
        12,
        null,
        null,
        1,
        null,
        null,
        0,
        0,
        0,
        0,
        null,
        1,
        null,
        1,
        0,
        0,
        null,
        0,
        0,
        null,
        0,
        null,
        null,
        0,
        null,
        null,
        null,
        null,
        null,
        null,
        1,
        1,
        null,
        1,
        29,
        null,
        null,
        1,
        29,
        null,
        1,
        null,
        1,
        23,
        null,
        null,
        1,
        5,
        5,
        4,
        null,
        5,
        null,
        5,
        5,
        8,
        null,
        5,
        null,
        null,
        1,
        12,
        12,
        12,
        12,
        null,
        null,
        1,
        106,
        106,
        80,
        1,
        1,
        null,
        79,
        null,
        null,
        1,
        12,
        12,
        2,
        2,
        null,
        0,
        null,
        null,
        12,
        null,
        76,
        42,
        null,
        null,
        12,
        64,
        64,
        null,
        null,
        12,
        null,
        0,
        null,
        2,
        null,
        0,
        null,
        null,
        11,
        79,
        79,
        9,
        null,
        null,
        null,
        null,
        1,
        8,
        8,
        null,
        0,
        null,
        8,
        null,
        0,
        0,
        null,
        8,
        null,
        null,
        1,
        10,
        null,
        null,
        null,
        null
      ],
      "/home/judson/ruby/gems/mattock/lib/mattock/bundle-command-task.rb": [
        1,
        null,
        1,
        1,
        1,
        1,
        1,
        null,
        null,
        1,
        null,
        null,
        null,
        null,
        null,
        null,
        null,
        null,
        null,
        null,
        null,
        null,
        null,
        null,
        null,
        null,
        null,
        18,
        1,
        null,
        null,
        null,
        1,
        null,
        null,
        null,
        4,
        null,
        null,
        1,
        null,
        null,
        1,
        1,
        1,
        null,
        null,
        null
      ],
      "/home/judson/ruby/gems/mattock/lib/mattock.rb": [
        1,
        1,
        1,
        1
      ],
      "/home/judson/ruby/gems/mattock/lib/mattock/tasklib.rb": [
        1,
        1,
        null,
        1,
        null,
        null,
        null,
        null,
        null,
        null,
        null,
        null,
        null,
        null,
        null,
        null,
        null,
        null,
        null,
        null,
        null,
        null,
        null,
        null,
        null,
        null,
        null,
        null,
        null,
        null,
        null,
        null,
        null,
        null,
        null,
        null,
        null,
        null,
        null,
        1,
        1,
        1,
        null,
        1,
        null,
        null,
        null,
        1,
        1,
        null,
        null,
        1,
        null,
        1,
        5,
        5,
        null,
        null,
        null,
        1,
        10,
        10,
        10,
        null,
        null,
        null,
        null,
        null,
        null,
        null,
        1,
        0,
        0,
        null,
        null,
        null,
        null,
        1,
        0,
        0,
        0,
        null,
        null,
        null,
        null,
        null,
        null,
        null,
        null,
        1,
        10,
        5,
        5,
        0,
        null,
        5,
        5,
        null,
        null,
        null,
        null,
        5,
        5,
        null,
        null,
        null,
        null,
        1,
        5,
        null,
        null,
        1,
        null,
        null,
        null,
        null,
        null,
        null,
        1,
        0,
        null,
        null,
        1,
        0,
        0,
        0,
        0,
        0,
        null,
        null,
        null,
        0,
        null,
        null,
        null,
        1,
        5,
        null,
        null,
        null,
        null,
        1,
        null
      ],
      "/home/judson/ruby/gems/mattock/lib/mattock/template-host.rb": [
        1,
        1,
        null,
        1,
        1,
        1,
        1,
        null,
        null,
        1,
        1,
        null,
        1,
        1,
        null,
        null,
        null,
        1,
        1,
        null,
        1,
        1,
        null,
        null,
        null,
        1,
        1,
        null,
        null,
        1,
        1,
        null,
        null,
        1,
        0,
        null,
        null,
        1,
        1,
        1,
        0,
        null,
        null,
        1,
        null,
        null,
        null,
        null,
        1,
        1,
        null,
        null,
        1,
        0,
        0,
        null,
        null,
        0,
        0,
        0,
        0,
        null,
        null,
        null,
        null,
        null
      ],
      "/home/judson/ruby/gems/mattock/lib/mattock/configuration-store.rb": [
        1,
        null,
        1,
        null,
        null,
        null,
        null,
        null,
        null,
        null,
        null,
        null,
        null,
        null,
        null,
        null,
        null,
        null,
        null,
        null,
        null,
        null,
        null,
        null,
        null,
        null,
        null,
        null,
        null,
        null,
        null,
        null,
        null,
        null,
        null,
        null,
        null,
        null,
        null,
        null,
        null,
        null,
        null,
        null,
        1,
        null,
        null,
        null,
        null,
        1,
        2,
        2,
        2,
        2,
        2,
        null,
        2,
        2,
        2,
        null,
        2,
        2,
        2,
        null,
        2,
        2,
        null,
        2,
        null,
        null,
        4,
        null,
        null,
        1,
        null,
        null,
        1,
        0,
        null,
        null,
        null,
        1,
        2,
        2,
        2,
        null,
        null,
        1,
        2,
        null,
        null,
        null
      ],
      "/home/judson/ruby/gems/mattock/lib/mattock/template-task.rb": [
        1,
        1,
        1,
        1,
        1,
        1,
        1,
        null,
        1,
        null,
        1,
        null,
        1,
        2,
        null,
        2,
        null,
        2,
        2,
        0,
        null,
        null,
        null,
        null,
        1,
        2,
        2,
        null,
        null,
        2,
        2,
        null,
        null,
        2,
        null,
        2,
        2,
        null,
        null,
        2,
        null,
        2,
        null,
        null,
        1,
        1,
        1,
        null,
        null,
        null,
        null
      ],
      "/home/judson/ruby/gems/mattock/lib/mattock/yard_extensions.rb": [
        1,
        1,
        null,
        1,
        1,
        1,
        1,
        null,
        1,
        0,
        0,
        0,
        0,
        0,
        null,
        0,
        null,
        null,
        null,
        1,
        0,
        0,
        0,
        null,
        0,
        null,
        null,
        1,
        0,
        0,
        0,
        null,
        null,
        null,
        1,
        1,
        null,
        1,
        1,
        null,
        1,
        0,
        0,
        0,
        0,
        null,
        0,
        null,
        null,
        null,
        1,
        0,
        null,
        0,
        null,
        0,
        null,
        0,
        null,
        null,
        null,
        1,
        0,
        0,
        0,
        null,
        null,
        0,
        null,
        null,
        1,
        0,
        null,
        null,
        1,
        0,
        0,
        0,
        0,
        0,
        0,
        0,
        null,
        0,
        0,
        null,
        null,
        1,
        0,
        null,
        null,
        0,
        null,
        0,
        0,
        0,
        0,
        null,
        0,
        null,
        0,
        0,
        null,
        null,
        0,
        0,
        0,
        null,
        0,
        0,
        0,
        null,
        0,
        null,
        null,
        0,
        null,
        null,
        0,
        0,
        null,
        null,
        null,
        1,
        1,
        1,
        null,
        1,
        0,
        null,
        0,
        0,
        null,
        0,
        null,
        null,
        null,
        1,
        1,
        1,
        1,
        null,
        1,
        0,
        0,
        0,
        null,
        null,
        1,
        0,
        0,
        0,
        null,
        0,
        null,
        null,
        null,
        1,
        1,
        1,
        1,
        null,
        1,
        0,
        null,
        null,
        1,
        0,
        0,
        0,
        null,
        0,
        null,
        null,
        null,
        1,
        1,
        1,
        1,
        null,
        1,
        0,
        0,
        0,
        null,
        0,
        null,
        null,
        null,
        null
      ]
    },
    "timestamp": 1385455248
  }
}
